This file contains any messages produced by compilers while
running configure, to aid debugging if configure makes a mistake.

It was created by teste configure 1.0, which was
generated by GNU Autoconf 2.69.  Invocation command line was

  $ ./configure 

## --------- ##
## Platform. ##
## --------- ##

hostname = lpladebian
uname -m = x86_64
uname -r = 5.10.0-9-amd64
uname -s = Linux
uname -v = #1 SMP Debian 5.10.70-1 (2021-09-30)

/usr/bin/uname -p = unknown
/bin/uname -X     = unknown

/bin/arch              = x86_64
/usr/bin/arch -k       = unknown
/usr/convex/getsysinfo = unknown
/usr/bin/hostinfo      = unknown
/bin/machine           = unknown
/usr/bin/oslevel       = unknown
/bin/universe          = unknown

PATH: /usr/local/bin
PATH: /usr/bin
PATH: /bin
PATH: /usr/local/games
PATH: /usr/games


## ----------- ##
## Core tests. ##
## ----------- ##

configure:1844: checking for a BSD-compatible install
configure:1912: result: /usr/bin/install -c
configure:1923: checking whether build environment is sane
configure:1978: result: yes
configure:2124: checking for a thread-safe mkdir -p
configure:2163: result: /usr/bin/mkdir -p
configure:2170: checking for gawk
configure:2186: found /usr/bin/gawk
configure:2197: result: gawk
configure:2208: checking whether make sets $(MAKE)
configure:2230: result: yes
configure:2259: checking whether make supports nested variables
configure:2276: result: yes
configure:2456: checking for gcc
configure:2472: found /usr/bin/gcc
configure:2483: result: gcc
configure:2712: checking for C compiler version
configure:2721: gcc --version >&5
gcc (Debian 10.2.1-6) 10.2.1 20210110
Copyright (C) 2020 Free Software Foundation, Inc.
This is free software; see the source for copying conditions.  There is NO
warranty; not even for MERCHANTABILITY or FITNESS FOR A PARTICULAR PURPOSE.

configure:2732: $? = 0
configure:2721: gcc -v >&5
Using built-in specs.
COLLECT_GCC=gcc
COLLECT_LTO_WRAPPER=/usr/lib/gcc/x86_64-linux-gnu/10/lto-wrapper
OFFLOAD_TARGET_NAMES=nvptx-none:amdgcn-amdhsa:hsa
OFFLOAD_TARGET_DEFAULT=1
Target: x86_64-linux-gnu
Configured with: ../src/configure -v --with-pkgversion='Debian 10.2.1-6' --with-bugurl=file:///usr/share/doc/gcc-10/README.Bugs --enable-languages=c,ada,c++,go,brig,d,fortran,objc,obj-c++,m2 --prefix=/usr --with-gcc-major-version-only --program-suffix=-10 --program-prefix=x86_64-linux-gnu- --enable-shared --enable-linker-build-id --libexecdir=/usr/lib --without-included-gettext --enable-threads=posix --libdir=/usr/lib --enable-nls --enable-bootstrap --enable-clocale=gnu --enable-libstdcxx-debug --enable-libstdcxx-time=yes --with-default-libstdcxx-abi=new --enable-gnu-unique-object --disable-vtable-verify --enable-plugin --enable-default-pie --with-system-zlib --enable-libphobos-checking=release --with-target-system-zlib=auto --enable-objc-gc=auto --enable-multiarch --disable-werror --with-arch-32=i686 --with-abi=m64 --with-multilib-list=m32,m64,mx32 --enable-multilib --with-tune=generic --enable-offload-targets=nvptx-none=/build/gcc-10-Km9U7s/gcc-10-10.2.1/debian/tmp-nvptx/usr,amdgcn-amdhsa=/build/gcc-10-Km9U7s/gcc-10-10.2.1/debian/tmp-gcn/usr,hsa --without-cuda-driver --enable-checking=release --build=x86_64-linux-gnu --host=x86_64-linux-gnu --target=x86_64-linux-gnu --with-build-config=bootstrap-lto-lean --enable-link-mutex
Thread model: posix
Supported LTO compression algorithms: zlib zstd
gcc version 10.2.1 20210110 (Debian 10.2.1-6) 
... rest of stderr output deleted ...
configure:2732: $? = 0
configure:2721: gcc -V >&5
gcc: error: unrecognized command-line option '-V'
gcc: fatal error: no input files
compilation terminated.
configure:2732: $? = 1
configure:2721: gcc -qversion >&5
gcc: error: unrecognized command-line option '-qversion'; did you mean '--version'?
gcc: fatal error: no input files
compilation terminated.
configure:2732: $? = 1
configure:2752: checking whether the C compiler works
configure:2774: gcc    conftest.c  >&5
configure:2778: $? = 0
configure:2826: result: yes
configure:2829: checking for C compiler default output file name
configure:2831: result: a.out
configure:2837: checking for suffix of executables
configure:2844: gcc -o conftest    conftest.c  >&5
configure:2848: $? = 0
configure:2870: result: 
configure:2892: checking whether we are cross compiling
configure:2900: gcc -o conftest    conftest.c  >&5
configure:2904: $? = 0
configure:2911: ./conftest
configure:2915: $? = 0
configure:2930: result: no
configure:2935: checking for suffix of object files
configure:2957: gcc -c   conftest.c >&5
configure:2961: $? = 0
configure:2982: result: o
configure:2986: checking whether we are using the GNU C compiler
configure:3005: gcc -c   conftest.c >&5
configure:3005: $? = 0
configure:3014: result: yes
configure:3023: checking whether gcc accepts -g
configure:3043: gcc -c -g  conftest.c >&5
configure:3043: $? = 0
configure:3084: result: yes
configure:3101: checking for gcc option to accept ISO C89
configure:3164: gcc  -c -g -O2  conftest.c >&5
configure:3164: $? = 0
configure:3177: result: none needed
configure:3202: checking whether gcc understands -c and -o together
configure:3224: gcc -c conftest.c -o conftest2.o
configure:3227: $? = 0
configure:3224: gcc -c conftest.c -o conftest2.o
configure:3227: $? = 0
configure:3239: result: yes
configure:3259: checking whether make supports the include directive
configure:3274: make -f confmf.GNU && cat confinc.out
this is the am__doit target
configure:3277: $? = 0
configure:3296: result: yes (GNU style)
configure:3321: checking dependency style of gcc
configure:3432: result: gcc3
configure:3559: checking that generated files are newer than configure
configure:3565: result: done
configure:3588: creating ./config.status

## ---------------------- ##
## Running config.status. ##
## ---------------------- ##

This file was extended by teste config.status 1.0, which was
generated by GNU Autoconf 2.69.  Invocation command line was

  CONFIG_FILES    = 
  CONFIG_HEADERS  = 
  CONFIG_LINKS    = 
  CONFIG_COMMANDS = 
  $ ./config.status 

on lpladebian

config.status:845: creating Makefile
config.status:845: creating src/Makefile
config.status:845: creating doc/Makefile
config.status:845: creating examples/Makefile
config.status:845: creating man/Makefile
config.status:845: creating scripts/Makefile
config.status:845: creating config.h
config.status:1074: executing depfiles commands
config.status:1151: cd src       && sed -e '/# am--include-marker/d' Makefile         | make -f - am--depfiles
config.status:1156: $? = 0

## ---------------- ##
## Cache variables. ##
## ---------------- ##

ac_cv_c_compiler_gnu=yes
ac_cv_env_CC_set=
ac_cv_env_CC_value=
ac_cv_env_CFLAGS_set=
ac_cv_env_CFLAGS_value=
ac_cv_env_CPPFLAGS_set=
ac_cv_env_CPPFLAGS_value=
ac_cv_env_LDFLAGS_set=
ac_cv_env_LDFLAGS_value=
ac_cv_env_LIBS_set=
ac_cv_env_LIBS_value=
ac_cv_env_build_alias_set=
ac_cv_env_build_alias_value=
ac_cv_env_host_alias_set=
ac_cv_env_host_alias_value=
ac_cv_env_target_alias_set=
ac_cv_env_target_alias_value=
ac_cv_objext=o
ac_cv_path_install='/usr/bin/install -c'
ac_cv_path_mkdir=/usr/bin/mkdir
ac_cv_prog_AWK=gawk
ac_cv_prog_ac_ct_CC=gcc
ac_cv_prog_cc_c89=
ac_cv_prog_cc_g=yes
ac_cv_prog_make_make_set=yes
am_cv_CC_dependencies_compiler_type=gcc3
am_cv_make_support_nested_variables=yes
am_cv_prog_cc_c_o=yes

## ----------------- ##
## Output variables. ##
## ----------------- ##

ACLOCAL='${SHELL} '\''/home/luiz/Programação/C/exemplos/autotools/missing'\'' aclocal-1.16'
AMDEPBACKSLASH='\'
AMDEP_FALSE='#'
AMDEP_TRUE=''
AMTAR='$${TAR-tar}'
AM_BACKSLASH='\'
AM_DEFAULT_V='$(AM_DEFAULT_VERBOSITY)'
AM_DEFAULT_VERBOSITY='1'
AM_V='$(V)'
AUTOCONF='${SHELL} '\''/home/luiz/Programação/C/exemplos/autotools/missing'\'' autoconf'
AUTOHEADER='${SHELL} '\''/home/luiz/Programação/C/exemplos/autotools/missing'\'' autoheader'
AUTOMAKE='${SHELL} '\''/home/luiz/Programação/C/exemplos/autotools/missing'\'' automake-1.16'
AWK='gawk'
CC='gcc'
CCDEPMODE='depmode=gcc3'
CFLAGS='-g -O2'
CPPFLAGS=''
CYGPATH_W='echo'
DEFS='-DHAVE_CONFIG_H'
DEPDIR='.deps'
ECHO_C=''
ECHO_N='-n'
ECHO_T=''
EXEEXT=''
INSTALL_DATA='${INSTALL} -m 644'
INSTALL_PROGRAM='${INSTALL}'
INSTALL_SCRIPT='${INSTALL}'
INSTALL_STRIP_PROGRAM='$(install_sh) -c -s'
LDFLAGS=''
LIBOBJS=''
LIBS=''
LTLIBOBJS=''
MAKEINFO='${SHELL} '\''/home/luiz/Programação/C/exemplos/autotools/missing'\'' makeinfo'
MKDIR_P='/usr/bin/mkdir -p'
OBJEXT='o'
PACKAGE='teste'
PACKAGE_BUGREPORT='BUG-REPORT-ADDRESS'
PACKAGE_NAME='teste'
PACKAGE_STRING='teste 1.0'
PACKAGE_TARNAME='teste'
PACKAGE_URL=''
PACKAGE_VERSION='1.0'
PATH_SEPARATOR=':'
SET_MAKE=''
SHELL='/bin/bash'
STRIP=''
VERSION='1.0'
ac_ct_CC='gcc'
am__EXEEXT_FALSE=''
am__EXEEXT_TRUE='#'
am__fastdepCC_FALSE='#'
am__fastdepCC_TRUE=''
am__include='include'
am__isrc=''
am__leading_dot='.'
am__nodep='_no'
am__quote=''
am__tar='$${TAR-tar} chof - "$$tardir"'
am__untar='$${TAR-tar} xf -'
bindir='${exec_prefix}/bin'
build_alias=''
datadir='${datarootdir}'
datarootdir='${prefix}/share'
docdir='${datarootdir}/doc/${PACKAGE_TARNAME}'
dvidir='${docdir}'
exec_prefix='${prefix}'
host_alias=''
htmldir='${docdir}'
includedir='${prefix}/include'
infodir='${datarootdir}/info'
install_sh='${SHELL} /home/luiz/Programação/C/exemplos/autotools/install-sh'
libdir='${exec_prefix}/lib'
libexecdir='${exec_prefix}/libexec'
localedir='${datarootdir}/locale'
localstatedir='${prefix}/var'
mandir='${datarootdir}/man'
mkdir_p='$(MKDIR_P)'
oldincludedir='/usr/include'
pdfdir='${docdir}'
prefix='/usr/local'
program_transform_name='s,x,x,'
psdir='${docdir}'
runstatedir='${localstatedir}/run'
sbindir='${exec_prefix}/sbin'
sharedstatedir='${prefix}/com'
sysconfdir='${prefix}/etc'
target_alias=''

## ----------- ##
## confdefs.h. ##
## ----------- ##

/* confdefs.h */
#define PACKAGE_NAME "teste"
#define PACKAGE_TARNAME "teste"
#define PACKAGE_VERSION "1.0"
#define PACKAGE_STRING "teste 1.0"
#define PACKAGE_BUGREPORT "BUG-REPORT-ADDRESS"
#define PACKAGE_URL ""
#define PACKAGE "teste"
#define VERSION "1.0"

configure: exit 0
